Using pre-set license
Built from '2020.2/release' branch; Version is '2020.2.2f1 (068178b99f32) revision 426360'; Using compiler version '192528614'; Build Type 'Release'
OS: 'Windows 10 Home; OS build 19042.804; Version 2009; 64bit' Language: 'en' Physical Memory: 16334 MB
BatchMode: 1, IsHumanControllingUs: 0, StartBugReporterOnCrash: 0, Is64bit: 1, IsPro: 0

 COMMAND LINE ARGUMENTS:
C:\Program Files\Unity\Hub\Editor\2020.2.2f1\Editor\Unity.exe
-adb2
-batchMode
-noUpm
-name
AssetImportWorker0
-projectPath
D:/Unity/GDD211-QUIZ_01/GDD-LAB-2/GDD211-LAB_2
-logFile
Logs/AssetImportWorker0.log
-srvPort
58712
Successfully changed project path to: D:/Unity/GDD211-QUIZ_01/GDD-LAB-2/GDD211-LAB_2
D:/Unity/GDD211-QUIZ_01/GDD-LAB-2/GDD211-LAB_2
Using Asset Import Pipeline V2.
Refreshing native plugins compatible for Editor in 29.58 ms, found 1 plugins.
Preloading 0 native plugins for Editor in 0.00 ms.
Initialize engine version: 2020.2.2f1 (068178b99f32)
[Subsystems] Discovering subsystems at path C:/Program Files/Unity/Hub/Editor/2020.2.2f1/Editor/Data/Resources/UnitySubsystems
[Subsystems] Discovering subsystems at path D:/Unity/GDD211-QUIZ_01/GDD-LAB-2/GDD211-LAB_2/Assets
GfxDevice: creating device client; threaded=0
Direct3D:
    Version:  Direct3D 11.0 [level 11.1]
    Renderer: NVIDIA GeForce RTX 3080 (ID=0x2206)
    Vendor:   
    VRAM:     10077 MB
    Driver:   27.21.14.6140
Initialize mono
Mono path[0] = 'C:/Program Files/Unity/Hub/Editor/2020.2.2f1/Editor/Data/Managed'
Mono path[1] = 'C:/Program Files/Unity/Hub/Editor/2020.2.2f1/Editor/Data/MonoBleedingEdge/lib/mono/unityjit'
Mono config path = 'C:/Program Files/Unity/Hub/Editor/2020.2.2f1/Editor/Data/MonoBleedingEdge/etc'
Using monoOptions --debugger-agent=transport=dt_socket,embedding=1,server=y,suspend=n,address=127.0.0.1:56232
Begin MonoManager ReloadAssembly
Registering precompiled unity dll's ...
Register platform support module: C:/Program Files/Unity/Hub/Editor/2020.2.2f1/Editor/Data/PlaybackEngines/WebGLSupport/UnityEditor.WebGL.Extensions.dll
Register platform support module: C:/Program Files/Unity/Hub/Editor/2020.2.2f1/Editor/Data/PlaybackEngines/WindowsStandaloneSupport/UnityEditor.WindowsStandalone.Extensions.dll
Registered in 0.001766 seconds.
Native extension for WindowsStandalone target not found
Native extension for WebGL target not found
Refreshing native plugins compatible for Editor in 33.08 ms, found 1 plugins.
Preloading 0 native plugins for Editor in 0.00 ms.
Invoked RoslynAnalysisRunner static constructor.
RoslynAnalysisRunner will not be running.
RoslynAnalysisRunner has terminated.
Mono: successfully reloaded assembly
- Completed reload, in  1.367 seconds
Platform modules already initialized, skipping
Registering precompiled user dll's ...
Registered in 0.000596 seconds.
Begin MonoManager ReloadAssembly
Native extension for WindowsStandalone target not found
Native extension for WebGL target not found
Refreshing native plugins compatible for Editor in 30.45 ms, found 1 plugins.
Preloading 0 native plugins for Editor in 0.00 ms.
Invoked RoslynAnalysisRunner static constructor.
RoslynAnalysisRunner will not be running.
RoslynAnalysisRunner has terminated.
Mono: successfully reloaded assembly
- Completed reload, in  0.709 seconds
Platform modules already initialized, skipping
========================================================================
Worker process is ready to serve import requests
Launched and connected shader compiler UnityShaderCompiler.exe after 0.03 seconds
Refreshing native plugins compatible for Editor in 0.34 ms, found 1 plugins.
Preloading 0 native plugins for Editor in 0.00 ms.
Unloading 1792 Unused Serialized files (Serialized files now loaded: 0)
System memory in use before: 84.2 MB.
System memory in use after: 84.1 MB.

Unloading 24 unused Assets to reduce memory usage. Loaded Objects now: 2234.
Total: 1.812200 ms (FindLiveObjects: 0.168600 ms CreateObjectMapping: 0.039800 ms MarkObjects: 1.491100 ms  DeleteObjects: 0.111900 ms)

========================================================================
Received Import Request.
  path: Assets
  artifactKey: Guid(00000000000000001000000000000000) Importer(815301076,1909f56bfc062723c751e8b465ee728b)
Start importing Assets using Guid(00000000000000001000000000000000) Importer(815301076,1909f56bfc062723c751e8b465ee728b)  -> (artifact id: '4a6e520b92ccfc61bcfa21a7bcab8468') in 0.007771 seconds
  Import took 0.010055 seconds .

========================================================================
Received Import Request.
  Time since last request: 0.000178 seconds.
  path: Assets/Grid Space.prefab
  artifactKey: Guid(ce798fdd0761f9e4e8f619cd65a9028e) Importer(815301076,1909f56bfc062723c751e8b465ee728b)
Start importing Assets/Grid Space.prefab using Guid(ce798fdd0761f9e4e8f619cd65a9028e) Importer(815301076,1909f56bfc062723c751e8b465ee728b)  -> (artifact id: '06ed96a1ec5f0f2f70cb97c7117e98b1') in 0.040487 seconds
  Import took 0.042662 seconds .

========================================================================
Received Import Request.
  Time since last request: 2.433418 seconds.
  path: Assets/Prefab
  artifactKey: Guid(699a06ecb5265724f88a5ab2a36d8d9e) Importer(815301076,1909f56bfc062723c751e8b465ee728b)
Start importing Assets/Prefab using Guid(699a06ecb5265724f88a5ab2a36d8d9e) Importer(815301076,1909f56bfc062723c751e8b465ee728b)  -> (artifact id: '86a9f832428c86a11f93e438b4a4566b') in 0.005078 seconds
  Import took 0.007585 seconds .

========================================================================
Received Import Request.
  Time since last request: 1965.089203 seconds.
  path: Assets/Prefab/Grid Space.prefab
  artifactKey: Guid(ce798fdd0761f9e4e8f619cd65a9028e) Importer(815301076,1909f56bfc062723c751e8b465ee728b)
Start importing Assets/Prefab/Grid Space.prefab using Guid(ce798fdd0761f9e4e8f619cd65a9028e) Importer(815301076,1909f56bfc062723c751e8b465ee728b)  -> (artifact id: '6d3e9b8150b62ef8a2b834d904f31ff8') in 0.003263 seconds
  Import took 0.006119 seconds .

========================================================================
Received Import Request.
  Time since last request: 27.530052 seconds.
  path: Assets/NewBehaviourScript.cs
  artifactKey: Guid(f787f463b1281a44daaa1b6e6b4b21c6) Importer(815301076,1909f56bfc062723c751e8b465ee728b)
Start importing Assets/NewBehaviourScript.cs using Guid(f787f463b1281a44daaa1b6e6b4b21c6) Importer(815301076,1909f56bfc062723c751e8b465ee728b)  -> (artifact id: 'a7caac2890aee77d572620799fa321ad') in 0.012111 seconds
  Import took 0.014774 seconds .

========================================================================
Received Prepare
Registering precompiled user dll's ...
Registered in 0.000691 seconds.
Begin MonoManager ReloadAssembly
Native extension for WindowsStandalone target not found
Native extension for WebGL target not found
Refreshing native plugins compatible for Editor in 0.34 ms, found 1 plugins.
Preloading 0 native plugins for Editor in 0.00 ms.
Invoked RoslynAnalysisRunner static constructor.
RoslynAnalysisRunner will not be running.
RoslynAnalysisRunner has terminated.
Mono: successfully reloaded assembly
- Completed reload, in  0.649 seconds
Platform modules already initialized, skipping
Refreshing native plugins compatible for Editor in 0.33 ms, found 1 plugins.
Preloading 0 native plugins for Editor in 0.00 ms.
Unloading 1787 Unused Serialized files (Serialized files now loaded: 0)
System memory in use before: 84.3 MB.
System memory in use after: 84.3 MB.

Unloading 13 unused Assets to reduce memory usage. Loaded Objects now: 2239.
Total: 1.648800 ms (FindLiveObjects: 0.172700 ms CreateObjectMapping: 0.038700 ms MarkObjects: 1.349400 ms  DeleteObjects: 0.087300 ms)

========================================================================
Received Prepare
Registering precompiled user dll's ...
Registered in 0.000926 seconds.
Begin MonoManager ReloadAssembly
Native extension for WindowsStandalone target not found
Native extension for WebGL target not found
Refreshing native plugins compatible for Editor in 0.40 ms, found 1 plugins.
Preloading 0 native plugins for Editor in 0.00 ms.
Invoked RoslynAnalysisRunner static constructor.
RoslynAnalysisRunner will not be running.
RoslynAnalysisRunner has terminated.
Mono: successfully reloaded assembly
- Completed reload, in  0.647 seconds
Platform modules already initialized, skipping
Refreshing native plugins compatible for Editor in 0.51 ms, found 1 plugins.
Preloading 0 native plugins for Editor in 0.00 ms.
Unloading 1787 Unused Serialized files (Serialized files now loaded: 0)
System memory in use before: 84.4 MB.
System memory in use after: 84.4 MB.

Unloading 12 unused Assets to reduce memory usage. Loaded Objects now: 2242.
Total: 2.679100 ms (FindLiveObjects: 0.235400 ms CreateObjectMapping: 0.044400 ms MarkObjects: 2.262100 ms  DeleteObjects: 0.136300 ms)

========================================================================
Received Import Request.
  Time since last request: 18.948532 seconds.
  path: Assets/Scripts
  artifactKey: Guid(5c64983be192eb8468b2abc6fb9d34e5) Importer(815301076,1909f56bfc062723c751e8b465ee728b)
Start importing Assets/Scripts using Guid(5c64983be192eb8468b2abc6fb9d34e5) Importer(815301076,1909f56bfc062723c751e8b465ee728b)  -> (artifact id: '2f46bad81f1e741db5644acac9664193') in 0.008669 seconds
  Import took 0.011621 seconds .

========================================================================
Received Import Request.
  Time since last request: 13.464974 seconds.
  path: Assets/Scripts/GridSpace.cs
  artifactKey: Guid(90c7f8785461a6e47a3fe85f9cc38c50) Importer(815301076,1909f56bfc062723c751e8b465ee728b)
Start importing Assets/Scripts/GridSpace.cs using Guid(90c7f8785461a6e47a3fe85f9cc38c50) Importer(815301076,1909f56bfc062723c751e8b465ee728b)  -> (artifact id: '4c38a166fa679a1f97c8514691bad8e3') in 0.008514 seconds
  Import took 0.011424 seconds .

========================================================================
Received Prepare
Registering precompiled user dll's ...
Registered in 0.001051 seconds.
Begin MonoManager ReloadAssembly
Native extension for WindowsStandalone target not found
Native extension for WebGL target not found
Refreshing native plugins compatible for Editor in 0.94 ms, found 1 plugins.
Preloading 0 native plugins for Editor in 0.00 ms.
Invoked RoslynAnalysisRunner static constructor.
RoslynAnalysisRunner will not be running.
RoslynAnalysisRunner has terminated.
Mono: successfully reloaded assembly
- Completed reload, in  0.671 seconds
Platform modules already initialized, skipping
Refreshing native plugins compatible for Editor in 0.36 ms, found 1 plugins.
Preloading 0 native plugins for Editor in 0.00 ms.
Unloading 1788 Unused Serialized files (Serialized files now loaded: 0)
System memory in use before: 84.5 MB.
System memory in use after: 84.5 MB.

Unloading 12 unused Assets to reduce memory usage. Loaded Objects now: 2246.
Total: 1.771600 ms (FindLiveObjects: 0.231600 ms CreateObjectMapping: 0.041900 ms MarkObjects: 1.409200 ms  DeleteObjects: 0.086600 ms)

========================================================================
Received Prepare
Registering precompiled user dll's ...
Registered in 0.001310 seconds.
Begin MonoManager ReloadAssembly
Native extension for WindowsStandalone target not found
Native extension for WebGL target not found
Refreshing native plugins compatible for Editor in 0.38 ms, found 1 plugins.
Preloading 0 native plugins for Editor in 0.00 ms.
Invoked RoslynAnalysisRunner static constructor.
RoslynAnalysisRunner will not be running.
RoslynAnalysisRunner has terminated.
Mono: successfully reloaded assembly
- Completed reload, in  0.696 seconds
Platform modules already initialized, skipping
Refreshing native plugins compatible for Editor in 0.35 ms, found 1 plugins.
Preloading 0 native plugins for Editor in 0.00 ms.
Unloading 1788 Unused Serialized files (Serialized files now loaded: 0)
System memory in use before: 84.5 MB.
System memory in use after: 84.5 MB.

Unloading 12 unused Assets to reduce memory usage. Loaded Objects now: 2249.
Total: 1.666500 ms (FindLiveObjects: 0.178700 ms CreateObjectMapping: 0.040700 ms MarkObjects: 1.358600 ms  DeleteObjects: 0.087500 ms)

========================================================================
Received Import Request.
  Time since last request: 52.153273 seconds.
  path: Assets/Scripts/GridSpace.cs
  artifactKey: Guid(90c7f8785461a6e47a3fe85f9cc38c50) Importer(815301076,1909f56bfc062723c751e8b465ee728b)
Start importing Assets/Scripts/GridSpace.cs using Guid(90c7f8785461a6e47a3fe85f9cc38c50) Importer(815301076,1909f56bfc062723c751e8b465ee728b)  -> (artifact id: '2f26820e5909880edd3199dc6d806a33') in 0.004744 seconds
  Import took 0.007712 seconds .

========================================================================
Received Import Request.
  Time since last request: 15.041133 seconds.
  path: Assets/Prefab/Grid Space.prefab
  artifactKey: Guid(ce798fdd0761f9e4e8f619cd65a9028e) Importer(815301076,1909f56bfc062723c751e8b465ee728b)
Start importing Assets/Prefab/Grid Space.prefab using Guid(ce798fdd0761f9e4e8f619cd65a9028e) Importer(815301076,1909f56bfc062723c751e8b465ee728b)  -> (artifact id: '9fe8ff72a575dade5d7aed4df27359e4') in 0.027058 seconds
  Import took 0.029672 seconds .

========================================================================
Received Import Request.
  Time since last request: 16.370875 seconds.
  path: Assets/Prefab/Grid Space.prefab
  artifactKey: Guid(ce798fdd0761f9e4e8f619cd65a9028e) Importer(815301076,1909f56bfc062723c751e8b465ee728b)
Start importing Assets/Prefab/Grid Space.prefab using Guid(ce798fdd0761f9e4e8f619cd65a9028e) Importer(815301076,1909f56bfc062723c751e8b465ee728b)  -> (artifact id: '875f3b40935fc78cceb9042d5752fd17') in 0.003010 seconds
  Import took 0.005680 seconds .

========================================================================
Received Import Request.
  Time since last request: 3.032531 seconds.
  path: Assets/Prefab/Grid Space.prefab
  artifactKey: Guid(ce798fdd0761f9e4e8f619cd65a9028e) Importer(815301076,1909f56bfc062723c751e8b465ee728b)
Start importing Assets/Prefab/Grid Space.prefab using Guid(ce798fdd0761f9e4e8f619cd65a9028e) Importer(815301076,1909f56bfc062723c751e8b465ee728b)  -> (artifact id: '66e5892cd5798849f2fff52b7b668e0c') in 0.003897 seconds
  Import took 0.006942 seconds .

========================================================================
Received Import Request.
  Time since last request: 11.272492 seconds.
  path: Assets/Prefab/Grid Space.prefab
  artifactKey: Guid(ce798fdd0761f9e4e8f619cd65a9028e) Importer(815301076,1909f56bfc062723c751e8b465ee728b)
Start importing Assets/Prefab/Grid Space.prefab using Guid(ce798fdd0761f9e4e8f619cd65a9028e) Importer(815301076,1909f56bfc062723c751e8b465ee728b)  -> (artifact id: 'd9f99a1700cc8c48596bb6e4b621f1f7') in 0.005021 seconds
  Import took 0.008464 seconds .

========================================================================
Received Import Request.
  Time since last request: 7.682328 seconds.
  path: Assets/Prefab/Grid Space.prefab
  artifactKey: Guid(ce798fdd0761f9e4e8f619cd65a9028e) Importer(815301076,1909f56bfc062723c751e8b465ee728b)
Start importing Assets/Prefab/Grid Space.prefab using Guid(ce798fdd0761f9e4e8f619cd65a9028e) Importer(815301076,1909f56bfc062723c751e8b465ee728b)  -> (artifact id: '3d3e74f36d69b35d4cef5090e0c05dc7') in 0.003199 seconds
  Import took 0.005752 seconds .

========================================================================
Received Import Request.
  Time since last request: 5.210343 seconds.
  path: Assets/Prefab/Grid Space.prefab
  artifactKey: Guid(ce798fdd0761f9e4e8f619cd65a9028e) Importer(815301076,1909f56bfc062723c751e8b465ee728b)
Start importing Assets/Prefab/Grid Space.prefab using Guid(ce798fdd0761f9e4e8f619cd65a9028e) Importer(815301076,1909f56bfc062723c751e8b465ee728b)  -> (artifact id: 'ba18444f80571720b0ff4d60cc4dbeac') in 0.003348 seconds
  Import took 0.006438 seconds .

========================================================================
Received Prepare
Registering precompiled user dll's ...
Registered in 0.000760 seconds.
Begin MonoManager ReloadAssembly
Native extension for WindowsStandalone target not found
Native extension for WebGL target not found
Refreshing native plugins compatible for Editor in 0.37 ms, found 1 plugins.
Preloading 0 native plugins for Editor in 0.00 ms.
Invoked RoslynAnalysisRunner static constructor.
RoslynAnalysisRunner will not be running.
RoslynAnalysisRunner has terminated.
Mono: successfully reloaded assembly
- Completed reload, in  0.643 seconds
Platform modules already initialized, skipping
Refreshing native plugins compatible for Editor in 0.38 ms, found 1 plugins.
Preloading 0 native plugins for Editor in 0.00 ms.
Unloading 1788 Unused Serialized files (Serialized files now loaded: 0)
System memory in use before: 84.6 MB.
System memory in use after: 84.6 MB.

Unloading 13 unused Assets to reduce memory usage. Loaded Objects now: 2252.
Total: 1.634300 ms (FindLiveObjects: 0.145900 ms CreateObjectMapping: 0.039600 ms MarkObjects: 1.360200 ms  DeleteObjects: 0.087900 ms)

========================================================================
Received Import Request.
  Time since last request: 156.867086 seconds.
  path: Assets/Scripts/GameController.cs
  artifactKey: Guid(fab55224535e0df41b34aac692afdb8e) Importer(815301076,1909f56bfc062723c751e8b465ee728b)
Start importing Assets/Scripts/GameController.cs using Guid(fab55224535e0df41b34aac692afdb8e) Importer(815301076,1909f56bfc062723c751e8b465ee728b)  -> (artifact id: 'bb7a5d33ecaa2fd80b7f9689027737b5') in 0.008770 seconds
  Import took 0.011556 seconds .

========================================================================
Received Prepare
Registering precompiled user dll's ...
Registered in 0.000708 seconds.
Begin MonoManager ReloadAssembly
Native extension for WindowsStandalone target not found
Native extension for WebGL target not found
Refreshing native plugins compatible for Editor in 0.48 ms, found 1 plugins.
Preloading 0 native plugins for Editor in 0.00 ms.
Invoked RoslynAnalysisRunner static constructor.
RoslynAnalysisRunner will not be running.
RoslynAnalysisRunner has terminated.
Mono: successfully reloaded assembly
- Completed reload, in  0.672 seconds
Platform modules already initialized, skipping
Refreshing native plugins compatible for Editor in 0.36 ms, found 1 plugins.
Preloading 0 native plugins for Editor in 0.00 ms.
Unloading 1789 Unused Serialized files (Serialized files now loaded: 0)
System memory in use before: 84.7 MB.
System memory in use after: 84.7 MB.

Unloading 12 unused Assets to reduce memory usage. Loaded Objects now: 2256.
Total: 1.703800 ms (FindLiveObjects: 0.222500 ms CreateObjectMapping: 0.039800 ms MarkObjects: 1.348700 ms  DeleteObjects: 0.092000 ms)

